<?xml version="1.0" encoding="UTF-8"?>
<testng-results skipped="0" failed="0" ignored="0" total="1" passed="1">
  <reporter-output>
  </reporter-output>
  <suite name="Default suite" duration-ms="56067" started-at="2021-07-06T14:25:59Z" finished-at="2021-07-06T14:26:55Z">
    <groups>
    </groups>
    <test name="Default test" duration-ms="56067" started-at="2021-07-06T14:25:59Z" finished-at="2021-07-06T14:26:55Z">
      <class name="com.qa.tests.Testtelmedpage">
        <test-method status="PASS" signature="registration()[pri:0, instance:com.qa.tests.Testtelmedpage@1a968a59]" name="registration" duration-ms="56024" started-at="2021-07-06T14:25:59Z" finished-at="2021-07-06T14:26:55Z">
          <reporter-output>
          </reporter-output>
        </test-method> <!-- registration -->
      </class> <!-- com.qa.tests.Testtelmedpage -->
    </test> <!-- Default test -->
  </suite> <!-- Default suite -->
</testng-results>
